Team 1: P1h (11:11)
Team 2: P2h (11:11)

Team 1: P1h (11:11)
Team 2: P2h (21:11)

Team 1: P1h (13:11)
Team 2: P2h (21:11)

Team 1: P1h (13:11)
Team 2: P2h (X1:11)

Team 1: P1h (13:12)
Team 2: P2h (X1:11)

Team 1: P1h (13:12)
Team 2: P2h (X1:13)

Team 1: P1h (43:12)
Team 2: P2h (X1:13)

Team 1: P1h (43:12)
Team 2: P2h (X3:13)

Team 1: P1h (43:12)
Team 2: P2h (X3:22)

Team 1: P1h (43:12)
Team 2: P2h (X3:42)

Team 1: P1h (43:1X)
Team 2: P2h (X3:42)

Team 1: P1h (43:XX)
Team 2: P2h (X3:42)

Team 1: P1h (41:XX)
Team 2: P2h (X3:42)

Team 1: P1h (32:XX)
Team 2: P2h (X3:42)

Team 1: P1h (31:XX)
Team 2: P2h (X3:42)

Team 1: P1h (31:XX)
Team 2: P2h (X3:X2)

Team 1: P1h (31:XX)
Team 2: P2h (X4:X2)

Team 1: P1h (X1:XX)
Team 2: P2h (X4:X2)

Team 1: P1h (X1:XX)
Team 2: P2h (XX:X2)

Team 1: P1h (X3:XX)
Team 2: P2h (XX:X2)

Team 1: P1h (X3:XX)
Team 2: P2h (XX:XX)

Team 1 wins!